Add Component: Footprint Not Found L-SMD-M-4.8x4.8x2.8mm
Add Component: Footprint Not Found L-SMD-M-4.8x4.8x2.8mm
Add Component: Footprint Not Found L-SMD-M-4.8x4.8x2.8mm
Add Component: Footprint Not Found L-SMD-M-4.8x4.8x2.8mm
Add Pin To Net: Unknown Pin: Pin H8-1
Add Pin To Net: Unknown Pin: Pin H8-2
Add Pin To Net: Unknown Pin: Pin H8-3
Add Pin To Net: Unknown Pin: Pin Hole1-1
Add Pin To Net: Unknown Pin: Pin Hole2-1
Add Pin To Net: Unknown Pin: Pin Hole3-1
Add Pin To Net: Unknown Pin: Pin Hole4-1
Add Pin To Net: Unknown Pin: Pin L1-1
Add Pin To Net: Unknown Pin: Pin L1-2
Add Pin To Net: Unknown Pin: Pin L2-1
Add Pin To Net: Unknown Pin: Pin L2-2
Add Pin To Net: Unknown Pin: Pin L3-1
Add Pin To Net: Unknown Pin: Pin L3-2
Add Pin To Net: Unknown Pin: Pin L4-1
Add Pin To Net: Unknown Pin: Pin L4-2
Add Pin To Net: Unknown Pin: Pin LED1-1
Add Pin To Net: Unknown Pin: Pin LED1-2
Add Pin To Net: Unknown Pin: Pin LED2-1
Add Pin To Net: Unknown Pin: Pin LED2-2
Add Pin To Net: Unknown Pin: Pin LED3-1
Add Pin To Net: Unknown Pin: Pin LED3-2
Add Pin To Net: Unknown Pin: Pin LED4-1
Add Pin To Net: Unknown Pin: Pin LED4-2
Add Pin To Net: Unknown Pin: Pin LED5-1
Add Pin To Net: Unknown Pin: Pin LED5-2
Add Pin To Net: Unknown Pin: Pin LED6-1
Add Pin To Net: Unknown Pin: Pin LED6-2
Add Pin To Net: Unknown Pin: Pin LED7-1
Add Pin To Net: Unknown Pin: Pin LED7-2
Add Class Member: Failed to add class member : Component H8 0530470310
Add Class Member: Failed to add class member : Component Hole1 hole_space
Add Class Member: Failed to add class member : Component Hole2 hole_space
Add Class Member: Failed to add class member : Component Hole3 hole_space
Add Class Member: Failed to add class member : Component Hole4 hole_space
Add Class Member: Failed to add class member : Component L1 82uF
Add Class Member: Failed to add class member : Component L2 82uF
Add Class Member: Failed to add class member : Component L3 82uF
Add Class Member: Failed to add class member : Component L4 82uF
