Added Member To Class: ClassName=MCU Member=Component C139 0.22uF 25V
Added Member To Class: ClassName=MCU Member=Component C146 0.22uF 25V
Added Member To Class: ClassName=MCU Member=Component C147 0.22uF 25V
Added Member To Class: ClassName=MCU Member=Component C173 0.22uF 25V
Added Member To Class: ClassName=HEADERSchDoc Member=Component H7 M55-7001242R
Added Member To Class: ClassName=TECS_DRIVER Member=Component R8 22R 1%
Added Member To Class: ClassName=TECS_DRIVER Member=Component R70 22R 1%
Added Member To Class: ClassName=TECS_DRIVER Member=Component R73 22R 1%
Added Member To Class: ClassName=TECS_DRIVER Member=Component R74 22R 1%
Added Member To Class: ClassName=TECS_DRIVER Member=Component R96 22R 1%
Added Member To Class: ClassName=TECS_DRIVER Member=Component R97 22R 1%
Added Member To Class: ClassName=TECS_DRIVER Member=Component R139 22R 1%
Added Member To Class: ClassName=TECS_DRIVER Member=Component R140 22R 1%
Added Member To Class: ClassName=TECS_DRIVER Member=Component R141 22R 1%
Added Member To Class: ClassName=HEADERSchDoc Member=Component TVS4 SM712
Added Member To Class: ClassName=HEADERSchDoc Member=Component TVS11 S2305
Added Member To Class: ClassName=HEADERSchDoc Member=Component TVS12 S2305
Added Member To Class: ClassName=HEADERSchDoc Member=Component TVS14 S2305
Added Member To Class: ClassName=HEADERSchDoc Member=Component TVS15 S2305
Added Member To Class: ClassName=HEADERSchDoc Member=Component TVS17 S2305
Added Member To Class: ClassName=HEADERSchDoc Member=Component TVS19 SM712
Added Member To Class: ClassName=HEADERSchDoc Member=Component TVS21 S2305
