Added Component: Designator=LED1(LED_0603_RED)
Add component (AddParameter): Name = "Value"; Value = "LED 3 - 5 ly 2 Colour"; VariantName = "[No Variations]"
Added Component: Designator=LED2(LED_0603_RED)
Add component (AddParameter): Name = "Value"; Value = "LED 3 - 5 ly 2 Colour"; VariantName = "[No Variations]"
Added Component: Designator=LED3(LED_0603_RED)
Add component (AddParameter): Name = "Value"; Value = "LED 3 - 5 ly 2 Colour"; VariantName = "[No Variations]"
Added Component: Designator=LED4(LED_0603_RED)
Add component (AddParameter): Name = "Value"; Value = "LED 3 - 5 ly 2 Colour"; VariantName = "[No Variations]"
Added Component: Designator=LED5(LED_0603_RED)
Add component (AddParameter): Name = "Value"; Value = "LED 3 - 5 ly 2 Colour"; VariantName = "[No Variations]"
Added Component: Designator=LED6(LED_0603_RED)
Add component (AddParameter): Name = "Value"; Value = "LED 3 - 5 ly 2 Colour"; VariantName = "[No Variations]"
Added Component: Designator=LED7(LED_0603_RED)
Add component (AddParameter): Name = "Value"; Value = "LED 3 - 5 ly 2 Colour"; VariantName = "[No Variations]"
Added Pin To Net: NetName=5_EXP Pin=LED1-1
Added Pin To Net: NetName=NetLED1_2 Pin=LED1-2
Added Pin To Net: NetName=+5_HEATER Pin=LED2-1
Added Pin To Net: NetName=NetLED2_2 Pin=LED2-2
Added Pin To Net: NetName=+5_LED Pin=LED3-1
Added Pin To Net: NetName=NetLED3_2 Pin=LED3-2
Added Pin To Net: NetName=+5_TEC Pin=LED4-1
Added Pin To Net: NetName=NetLED4_2 Pin=LED4-2
Added Pin To Net: NetName=3V3_EXP Pin=LED5-1
Added Pin To Net: NetName=NetLED5_2 Pin=LED5-2
Added Pin To Net: NetName=LED_G Pin=LED6-1
Added Pin To Net: NetName=NetLED6_2 Pin=LED6-2
Added Pin To Net: NetName=LED_B Pin=LED7-1
Added Pin To Net: NetName=NetLED7_2 Pin=LED7-2
Added Member To Class: ClassName=POWERchDoc Member=Component LED1 RED
Added Member To Class: ClassName=POWERchDoc Member=Component LED2 RED
Added Member To Class: ClassName=POWERchDoc Member=Component LED3 RED
Added Member To Class: ClassName=POWERchDoc Member=Component LED4 RED
Added Member To Class: ClassName=POWERchDoc Member=Component LED5 YELLOW
Added Member To Class: ClassName=MCU Member=Component LED6 GREEN
Added Member To Class: ClassName=MCU Member=Component LED7 BLUE
