Added Component: Designator=H8(0530470310)
Added Component: Designator=Hole1(HOLE_SPACE)
Added Component: Designator=Hole2(HOLE_SPACE)
Added Component: Designator=Hole3(HOLE_SPACE)
Added Component: Designator=Hole4(HOLE_SPACE)
Added Component: Designator=L1(L-SMD-M-4.8x4.8x2.8mm)
Add component (AddParameter): Name = "ComponentLink1Description"; Value = "Manufacturer"; VariantName = "[No Variations]"
Add component (AddParameter): Name = "ComponentLink1URL"; Value = "http://www.we-online.de"; VariantName = "[No Variations]"
Add component (AddParameter): Name = "ComponentLink2Description"; Value = "Datasheet"; VariantName = "[No Variations]"
Add component (AddParameter): Name = "ComponentLink2URL"; Value = "http://katalog.we-online.de/pbs/datasheet/78477010.pdf"; VariantName = "[No Variations]"
Add component (AddParameter): Name = "Created by"; Value = "Baojun Chen"; VariantName = "[No Variations]"
Add component (AddParameter): Name = "Created Date"; Value = "Nov.2015"; VariantName = "[No Variations]"
Add component (AddParameter): Name = "Inductance"; Value = "1.0 µH"; VariantName = "[No Variations]"
Add component (AddParameter): Name = "Manufacturer"; Value = "Wurth Elektronik"; VariantName = "[No Variations]"
Add component (AddParameter): Name = "partNo"; Value = "78477010"; VariantName = "[No Variations]"
Added Component: Designator=L2(L-SMD-M-4.8x4.8x2.8mm)
Add component (AddParameter): Name = "ComponentLink1Description"; Value = "Manufacturer"; VariantName = "[No Variations]"
Add component (AddParameter): Name = "ComponentLink1URL"; Value = "http://www.we-online.de"; VariantName = "[No Variations]"
Add component (AddParameter): Name = "ComponentLink2Description"; Value = "Datasheet"; VariantName = "[No Variations]"
Add component (AddParameter): Name = "ComponentLink2URL"; Value = "http://katalog.we-online.de/pbs/datasheet/78477010.pdf"; VariantName = "[No Variations]"
Add component (AddParameter): Name = "Created by"; Value = "Baojun Chen"; VariantName = "[No Variations]"
Add component (AddParameter): Name = "Created Date"; Value = "Nov.2015"; VariantName = "[No Variations]"
Add component (AddParameter): Name = "Inductance"; Value = "1.0 µH"; VariantName = "[No Variations]"
Add component (AddParameter): Name = "Manufacturer"; Value = "Wurth Elektronik"; VariantName = "[No Variations]"
Add component (AddParameter): Name = "partNo"; Value = "78477010"; VariantName = "[No Variations]"
Added Component: Designator=L3(L-SMD-M-4.8x4.8x2.8mm)
Add component (AddParameter): Name = "ComponentLink1Description"; Value = "Manufacturer"; VariantName = "[No Variations]"
Add component (AddParameter): Name = "ComponentLink1URL"; Value = "http://www.we-online.de"; VariantName = "[No Variations]"
Add component (AddParameter): Name = "ComponentLink2Description"; Value = "Datasheet"; VariantName = "[No Variations]"
Add component (AddParameter): Name = "ComponentLink2URL"; Value = "http://katalog.we-online.de/pbs/datasheet/78477010.pdf"; VariantName = "[No Variations]"
Add component (AddParameter): Name = "Created by"; Value = "Baojun Chen"; VariantName = "[No Variations]"
Add component (AddParameter): Name = "Created Date"; Value = "Nov.2015"; VariantName = "[No Variations]"
Add component (AddParameter): Name = "Inductance"; Value = "1.0 µH"; VariantName = "[No Variations]"
Add component (AddParameter): Name = "Manufacturer"; Value = "Wurth Elektronik"; VariantName = "[No Variations]"
Add component (AddParameter): Name = "partNo"; Value = "78477010"; VariantName = "[No Variations]"
Added Component: Designator=L4(L-SMD-M-4.8x4.8x2.8mm)
Add component (AddParameter): Name = "ComponentLink1Description"; Value = "Manufacturer"; VariantName = "[No Variations]"
Add component (AddParameter): Name = "ComponentLink1URL"; Value = "http://www.we-online.de"; VariantName = "[No Variations]"
Add component (AddParameter): Name = "ComponentLink2Description"; Value = "Datasheet"; VariantName = "[No Variations]"
Add component (AddParameter): Name = "ComponentLink2URL"; Value = "http://katalog.we-online.de/pbs/datasheet/78477010.pdf"; VariantName = "[No Variations]"
Add component (AddParameter): Name = "Created by"; Value = "Baojun Chen"; VariantName = "[No Variations]"
Add component (AddParameter): Name = "Created Date"; Value = "Nov.2015"; VariantName = "[No Variations]"
Add component (AddParameter): Name = "Inductance"; Value = "1.0 µH"; VariantName = "[No Variations]"
Add component (AddParameter): Name = "Manufacturer"; Value = "Wurth Elektronik"; VariantName = "[No Variations]"
Add component (AddParameter): Name = "partNo"; Value = "78477010"; VariantName = "[No Variations]"
Added Pin To Net: NetName=GND Pin=H8-1
Added Pin To Net: NetName=NetH8_2 Pin=H8-2
Added Pin To Net: NetName=NetH8_3 Pin=H8-3
Added Pin To Net: NetName=PROTECT_EMI Pin=Hole1-1
Added Pin To Net: NetName=PROTECT_EMI Pin=Hole1-1
Added Pin To Net: NetName=PROTECT_EMI Pin=Hole1-1
Added Pin To Net: NetName=PROTECT_EMI Pin=Hole1-1
Added Pin To Net: NetName=PROTECT_EMI Pin=Hole1-1
Added Pin To Net: NetName=PROTECT_EMI Pin=Hole1-1
Added Pin To Net: NetName=PROTECT_EMI Pin=Hole1-1
Added Pin To Net: NetName=PROTECT_EMI Pin=Hole1-1
Added Pin To Net: NetName=PROTECT_EMI Pin=Hole1-1
Added Pin To Net: NetName=PROTECT_EMI Pin=Hole2-1
Added Pin To Net: NetName=PROTECT_EMI Pin=Hole2-1
Added Pin To Net: NetName=PROTECT_EMI Pin=Hole2-1
Added Pin To Net: NetName=PROTECT_EMI Pin=Hole2-1
Added Pin To Net: NetName=PROTECT_EMI Pin=Hole2-1
Added Pin To Net: NetName=PROTECT_EMI Pin=Hole2-1
Added Pin To Net: NetName=PROTECT_EMI Pin=Hole2-1
Added Pin To Net: NetName=PROTECT_EMI Pin=Hole2-1
Added Pin To Net: NetName=PROTECT_EMI Pin=Hole2-1
Added Pin To Net: NetName=PROTECT_EMI Pin=Hole3-1
Added Pin To Net: NetName=PROTECT_EMI Pin=Hole3-1
Added Pin To Net: NetName=PROTECT_EMI Pin=Hole3-1
Added Pin To Net: NetName=PROTECT_EMI Pin=Hole3-1
Added Pin To Net: NetName=PROTECT_EMI Pin=Hole3-1
Added Pin To Net: NetName=PROTECT_EMI Pin=Hole3-1
Added Pin To Net: NetName=PROTECT_EMI Pin=Hole3-1
Added Pin To Net: NetName=PROTECT_EMI Pin=Hole3-1
Added Pin To Net: NetName=PROTECT_EMI Pin=Hole3-1
Added Pin To Net: NetName=PROTECT_EMI Pin=Hole4-1
Added Pin To Net: NetName=PROTECT_EMI Pin=Hole4-1
Added Pin To Net: NetName=PROTECT_EMI Pin=Hole4-1
Added Pin To Net: NetName=PROTECT_EMI Pin=Hole4-1
Added Pin To Net: NetName=PROTECT_EMI Pin=Hole4-1
Added Pin To Net: NetName=PROTECT_EMI Pin=Hole4-1
Added Pin To Net: NetName=PROTECT_EMI Pin=Hole4-1
Added Pin To Net: NetName=PROTECT_EMI Pin=Hole4-1
Added Pin To Net: NetName=PROTECT_EMI Pin=Hole4-1
Added Pin To Net: NetName=NetD4_2 Pin=L1-1
Added Pin To Net: NetName=IR_LED_1- Pin=L1-2
Added Pin To Net: NetName=NetD5_2 Pin=L2-1
Added Pin To Net: NetName=IR_LED_2- Pin=L2-2
Added Pin To Net: NetName=NetD6_2 Pin=L3-1
Added Pin To Net: NetName=IR_LED_3- Pin=L3-2
Added Pin To Net: NetName=NetD7_2 Pin=L4-1
Added Pin To Net: NetName=IR_LED_4- Pin=L4-2
Add Pin To Net: Unknown Pin: Pin LED1-1
Add Pin To Net: Unknown Pin: Pin LED1-2
Add Pin To Net: Unknown Pin: Pin LED2-1
Add Pin To Net: Unknown Pin: Pin LED2-2
Add Pin To Net: Unknown Pin: Pin LED3-1
Add Pin To Net: Unknown Pin: Pin LED3-2
Add Pin To Net: Unknown Pin: Pin LED4-1
Add Pin To Net: Unknown Pin: Pin LED4-2
Add Pin To Net: Unknown Pin: Pin LED5-1
Add Pin To Net: Unknown Pin: Pin LED5-2
Add Pin To Net: Unknown Pin: Pin LED6-1
Add Pin To Net: Unknown Pin: Pin LED6-2
Add Pin To Net: Unknown Pin: Pin LED7-1
Add Pin To Net: Unknown Pin: Pin LED7-2
Added Member To Class: ClassName=MCU Member=Component H8 0530470310
Added Member To Class: ClassName=HEADERSchDoc Member=Component Hole1 hole_space
Added Member To Class: ClassName=HEADERSchDoc Member=Component Hole2 hole_space
Added Member To Class: ClassName=HEADERSchDoc Member=Component Hole3 hole_space
Added Member To Class: ClassName=HEADERSchDoc Member=Component Hole4 hole_space
Added Member To Class: ClassName=LED Member=Component L1 82uF
Added Member To Class: ClassName=LED Member=Component L2 82uF
Added Member To Class: ClassName=LED Member=Component L3 82uF
Added Member To Class: ClassName=LED Member=Component L4 82uF
